<?xml version="1.0" encoding="UTF-8"?>
<!-- Generated by org.testng.reporters.JUnitReportReporter -->
<testsuite hostname="RICHI-PC" name="com.challenge.test.TestCaseBackendClass" tests="5" failures="0" timestamp="8 Jun 2020 01:37:01 GMT" time="9.125" errors="0">
  <testcase name="C05_CrearReporteConResultados" time="0.002" classname="com.challenge.test.TestCaseBackendClass"/>
  <testcase name="C04_AssertarResultado" time="1.076" classname="com.challenge.test.TestCaseBackendClass"/>
  <testcase name="C03_ObtenerDetalleDeCadaCerveceria" time="2.634" classname="com.challenge.test.TestCaseBackendClass"/>
  <testcase name="C01_ObtenerListaCerveceriaQueContengaTextoLagunitas" time="3.766" classname="com.challenge.test.TestCaseBackendClass"/>
  <testcase name="C02_ObtenerListaConValorLagunitasBrewingCo" time="1.647" classname="com.challenge.test.TestCaseBackendClass"/>
</testsuite> <!-- com.challenge.test.TestCaseBackendClass -->
