<?xml version="1.0" encoding="UTF-8"?>
<!-- Generated by org.testng.reporters.JUnitReportReporter -->
<testsuite hostname="RICHI-PC" name="com.challenge.test.TestCaseFrontendClass" tests="6" failures="0" timestamp="8 Jun 2020 01:37:01 GMT" time="44.452" errors="0">
  <testcase name="C01_GenerarClaseConMetodoDeTest" time="2.550" classname="com.challenge.test.TestCaseFrontendClass"/>
  <testcase name="C02_IngresarALaHome" time="0.000" classname="com.challenge.test.TestCaseFrontendClass"/>
  <testcase name="C03_BuscarHeladera" time="15.964" classname="com.challenge.test.TestCaseFrontendClass"/>
  <testcase name="C04_FiltrarPorHeladerasConFreezer" time="15.289" classname="com.challenge.test.TestCaseFrontendClass"/>
  <testcase name="C06_GuardarGrillaDeResultados" time="5.492" classname="com.challenge.test.TestCaseFrontendClass"/>
  <testcase name="C05_FiltrarPorSamsung" time="5.157" classname="com.challenge.test.TestCaseFrontendClass"/>
</testsuite> <!-- com.challenge.test.TestCaseFrontendClass -->
