<?xml version="1.0" encoding="UTF-8"?>
<!-- Generated by org.testng.reporters.JUnitReportReporter -->
<testsuite skipped="0" hostname="RICHI-PC" name="com.challenge.fravega.FrontEndTest" tests="1" failures="0" timestamp="07 jun 2020 13:36:02 GMT" time="2.548" errors="0">
  <testcase name="testOther2" time="2.548" classname="com.challenge.fravega.FrontEndTest"/>
</testsuite> <!-- com.challenge.fravega.FrontEndTest -->
