<?xml version="1.0" encoding="UTF-8"?>
<!-- Generated by org.testng.reporters.JUnitReportReporter -->
<testsuite skipped="0" hostname="RICHI-PC" name="com.challenge.test.TestCaseFrontendClass" tests="6" failures="0" timestamp="07 jun 2020 21:30:36 GMT" time="42.378" errors="0">
  <testcase name="C02_IngresarALaHome" time="1.086" classname="com.challenge.test.TestCaseFrontendClass"/>
  <testcase name="C06_GuardarGrillaDeResultados" time="11.384" classname="com.challenge.test.TestCaseFrontendClass"/>
  <testcase name="C03_BuscarHeladera" time="7.138" classname="com.challenge.test.TestCaseFrontendClass"/>
  <testcase name="C01_GenerarClaseConMetodoDeTest" time="2.343" classname="com.challenge.test.TestCaseFrontendClass"/>
  <testcase name="C04_FiltrarPorHeladerasConFreezer" time="15.290" classname="com.challenge.test.TestCaseFrontendClass"/>
  <testcase name="C05_FiltrarPorSamsung" time="5.137" classname="com.challenge.test.TestCaseFrontendClass"/>
</testsuite> <!-- com.challenge.test.TestCaseFrontendClass -->
