<?xml version="1.0" encoding="UTF-8"?>
<!-- Generated by org.testng.reporters.JUnitReportReporter -->
<testsuite skipped="0" hostname="RICHI-PC" name="com.challenge.test.TestCaseBackendClass" tests="4" failures="0" timestamp="07 jun 2020 21:30:36 GMT" time="7.865" errors="0">
  <testcase name="C01_ObtenerListaCerveceriaQueContengaTextoLagunitas" time="2.473" classname="com.challenge.test.TestCaseBackendClass"/>
  <testcase name="C02_ObtenerListaConValorLagunitasBrewingCo" time="1.137" classname="com.challenge.test.TestCaseBackendClass"/>
  <testcase name="C03_ObtenerDetalleDeCadaCerveceria" time="3.113" classname="com.challenge.test.TestCaseBackendClass"/>
  <testcase name="C04_AssertarResultado" time="1.142" classname="com.challenge.test.TestCaseBackendClass"/>
</testsuite> <!-- com.challenge.test.TestCaseBackendClass -->
