<?xml version="1.0" encoding="UTF-8"?>
<!-- Generated by org.testng.reporters.JUnitReportReporter -->
<testsuite skipped="0" hostname="RICHI-PC" name="com.challenge.test.TestCaseClass" tests="1" failures="0" timestamp="07 jun 2020 01:45:19 GMT" time="41.801" errors="0">
  <testcase name="returnTicket" time="41.801" classname="com.challenge.test.TestCaseClass"/>
</testsuite> <!-- com.challenge.test.TestCaseClass -->
